0 info it worked if it ends with ok
1 verbose cli [ 'node', '/usr/local/bin/npm', 'install', '-g', 'n' ]
2 info using npm@1.2.14
3 info using node@v0.8.22
4 verbose read json /usr/local/lib/package.json
5 verbose read json /usr/local/lib/package.json
6 verbose cache add [ 'n', null ]
7 verbose cache add name=undefined spec="n" args=["n",null]
8 verbose parsed url { pathname: 'n', path: 'n', href: 'n' }
9 silly lockFile d1854cae-n n
10 verbose lock n /Users/drawat/.npm/d1854cae-n.lock
11 silly lockFile d1854cae-n n
12 silly lockFile d1854cae-n n
13 verbose addNamed [ 'n', '' ]
14 verbose addNamed [ null, '' ]
15 silly lockFile 6b58d7dc-n n@
16 verbose lock n@ /Users/drawat/.npm/6b58d7dc-n.lock
17 silly addNameRange { name: 'n', range: '', hasData: false }
18 verbose url raw n
19 verbose url resolving [ 'https://registry.npmjs.org/', './n' ]
20 verbose url resolved https://registry.npmjs.org/n
21 info trying registry request attempt 1 at 18:26:36
22 http GET https://registry.npmjs.org/n
23 http 200 https://registry.npmjs.org/n
24 silly registry.get cb [ 200,
24 silly registry.get   { date: 'Sat, 27 Dec 2014 00:26:36 GMT',
24 silly registry.get     server: 'CouchDB/1.5.0 (Erlang OTP/R16B03)',
24 silly registry.get     etag: '"DR0XAXQKYUZL5FV92N4JLNX37"',
24 silly registry.get     'content-type': 'application/json',
24 silly registry.get     'cache-control': 'max-age=60',
24 silly registry.get     'content-length': '36732',
24 silly registry.get     'accept-ranges': 'bytes',
24 silly registry.get     via: '1.1 varnish',
24 silly registry.get     age: '0',
24 silly registry.get     'x-served-by': 'cache-ord1730-ORD',
24 silly registry.get     'x-cache': 'MISS',
24 silly registry.get     'x-cache-hits': '0',
24 silly registry.get     'x-timer': 'S1419639996.715965,VS0,VE28',
24 silly registry.get     vary: 'Accept',
24 silly registry.get     'keep-alive': 'timeout=10, max=50',
24 silly registry.get     connection: 'Keep-Alive' } ]
25 silly addNameRange number 2 { name: 'n', range: '', hasData: true }
26 silly addNameRange versions [ 'n',
26 silly addNameRange   [ '0.0.1',
26 silly addNameRange     '0.0.2',
26 silly addNameRange     '0.0.3',
26 silly addNameRange     '0.0.4',
26 silly addNameRange     '0.1.0',
26 silly addNameRange     '0.1.1',
26 silly addNameRange     '0.1.2',
26 silly addNameRange     '0.2.0',
26 silly addNameRange     '0.2.1',
26 silly addNameRange     '0.2.2',
26 silly addNameRange     '0.3.0',
26 silly addNameRange     '0.4.0',
26 silly addNameRange     '0.4.1',
26 silly addNameRange     '0.4.2',
26 silly addNameRange     '0.5.0',
26 silly addNameRange     '0.5.1',
26 silly addNameRange     '0.5.2',
26 silly addNameRange     '0.5.3',
26 silly addNameRange     '0.5.4',
26 silly addNameRange     '0.6.0',
26 silly addNameRange     '0.6.1',
26 silly addNameRange     '0.7.0',
26 silly addNameRange     '0.7.1',
26 silly addNameRange     '0.7.2',
26 silly addNameRange     '0.7.3',
26 silly addNameRange     '0.8.0',
26 silly addNameRange     '0.8.1',
26 silly addNameRange     '0.8.2',
26 silly addNameRange     '0.9.0',
26 silly addNameRange     '0.9.1',
26 silly addNameRange     '0.9.2',
26 silly addNameRange     '0.9.3',
26 silly addNameRange     '1.0.0',
26 silly addNameRange     '1.1.0',
26 silly addNameRange     '1.2.1',
26 silly addNameRange     '1.2.2',
26 silly addNameRange     '1.2.3',
26 silly addNameRange     '1.2.4',
26 silly addNameRange     '1.2.5',
26 silly addNameRange     '1.2.6',
26 silly addNameRange     '1.2.7',
26 silly addNameRange     '1.2.8',
26 silly addNameRange     '1.2.9' ] ]
27 verbose addNamed [ 'n', '1.2.9' ]
28 verbose addNamed [ '1.2.9', '1.2.9' ]
29 silly lockFile 7f22195c-n-1-2-9 n@1.2.9
30 verbose lock n@1.2.9 /Users/drawat/.npm/7f22195c-n-1-2-9.lock
31 silly lockFile 473decd1-registry-npmjs-org-n-n-1-2-9-tgz https://registry.npmjs.org/n/-/n-1.2.9.tgz
32 verbose lock https://registry.npmjs.org/n/-/n-1.2.9.tgz /Users/drawat/.npm/473decd1-registry-npmjs-org-n-n-1-2-9-tgz.lock
33 verbose addRemoteTarball [ 'https://registry.npmjs.org/n/-/n-1.2.9.tgz',
33 verbose addRemoteTarball   '962f4a31f218e0e03d4353e68311d4bbe38cf130' ]
34 silly lockFile 473decd1-registry-npmjs-org-n-n-1-2-9-tgz https://registry.npmjs.org/n/-/n-1.2.9.tgz
35 silly lockFile 473decd1-registry-npmjs-org-n-n-1-2-9-tgz https://registry.npmjs.org/n/-/n-1.2.9.tgz
36 silly lockFile 7f22195c-n-1-2-9 n@1.2.9
37 silly lockFile 7f22195c-n-1-2-9 n@1.2.9
38 silly lockFile 6b58d7dc-n n@
39 silly lockFile 6b58d7dc-n n@
40 error Error: ENOTDIR, mkdir '/Users/drawat/tmp/npm-27652/1419639996838-0.2572905991692096'
41 error If you need help, you may report this log at:
41 error     <http://github.com/isaacs/npm/issues>
41 error or email it to:
41 error     <npm-@googlegroups.com>
42 error System Darwin 14.0.0
43 error command "node" "/usr/local/bin/npm" "install" "-g" "n"
44 error cwd /Users/drawat/Documents/signmeup
45 error node -v v0.8.22
46 error npm -v 1.2.14
47 error path /Users/drawat/tmp/npm-27652/1419639996838-0.2572905991692096
48 error code ENOTDIR
49 error errno 27
50 verbose exit [ 27, true ]
